2025-10-05 22:08:50,785 - INFO - ======================================================================
2025-10-05 22:08:50,787 - INFO - 이더리움 예측용 Google Trends 수집기 초기화
2025-10-05 22:08:50,790 - INFO - 키워드: bitcoin, ethereum, crypto
2025-10-05 22:08:50,792 - INFO - 기간: 2020-01-01 ~ 2025-10-05
2025-10-05 22:08:50,795 - INFO - 총 일수: 2104일 (301주)
2025-10-05 22:08:50,797 - INFO - 총 요청: 903회
2025-10-05 22:08:50,800 - INFO - 예상 시간: 68분
2025-10-05 22:08:50,801 - INFO - ======================================================================
2025-10-05 22:08:53,197 - ERROR - [bitcoin] 에러: Retry.__init__() got an unexpected keyword argument 'method_whitelist'
2025-10-05 22:09:03,209 - ERROR - [bitcoin] 에러: Retry.__init__() got an unexpected keyword argument 'method_whitelist'
2025-10-05 22:12:17,329 - INFO - ======================================================================
2025-10-05 22:12:17,330 - INFO - 이더리움 예측용 Google Trends 수집기 초기화
2025-10-05 22:12:17,333 - INFO - 키워드: bitcoin, ethereum, crypto
2025-10-05 22:12:17,336 - INFO - 기간: 2020-01-01 ~ 2025-10-05
2025-10-05 22:12:17,338 - INFO - 총 일수: 2104일 (301주)
2025-10-05 22:12:17,340 - INFO - 총 요청: 903회
2025-10-05 22:12:17,341 - INFO - 예상 시간: 68분
2025-10-05 22:12:17,342 - INFO - ======================================================================
2025-10-05 22:12:19,571 - ERROR - [bitcoin] 에러: Retry.__init__() got an unexpected keyword argument 'method_whitelist'
2025-10-05 22:15:38,134 - INFO - ======================================================================
2025-10-05 22:15:38,138 - INFO - 이더리움 예측용 Google Trends 수집기 초기화
2025-10-05 22:15:38,141 - INFO - 키워드: bitcoin, ethereum, crypto
2025-10-05 22:15:38,143 - INFO - 기간: 2020-01-01 ~ 2025-10-05
2025-10-05 22:15:38,145 - INFO - 총 일수: 2104일 (301주)
2025-10-05 22:15:38,147 - INFO - 총 요청: 903회
2025-10-05 22:15:38,148 - INFO - 예상 시간: 68분
2025-10-05 22:15:38,149 - INFO - ======================================================================
2025-10-05 22:15:38,151 - INFO - 
======================================================================
2025-10-05 22:15:38,152 - INFO - 수집 시작
2025-10-05 22:15:38,154 - INFO - ======================================================================
2025-10-05 22:15:38,155 - INFO - 
===== [1/3] BITCOIN =====
2025-10-05 22:15:38,156 - INFO - 
[bitcoin] 수집 시작 (약 301주)
2025-10-05 22:15:38,157 - INFO -   urllib3 버전: 2.5.0
2025-10-05 22:15:38,158 - ERROR -   ✗ 초기화 실패: module 'pytrends' has no attribute '__version__'
2025-10-05 22:15:38,159 - ERROR -   해결: pip install pytrends==4.9.2 urllib3==1.26.18
2025-10-05 22:15:38,160 - ERROR -   [bitcoin] 치명적 에러: module 'pytrends' has no attribute '__version__'
2025-10-05 22:15:38,161 - WARNING -   [bitcoin] 건너뛰고 다음 키워드로 진행
2025-10-05 22:15:38,161 - INFO -   다음 키워드까지 13.2초 대기...

2025-10-05 22:15:51,374 - INFO - 
===== [2/3] ETHEREUM =====
2025-10-05 22:15:51,375 - INFO - 
[ethereum] 수집 시작 (약 301주)
2025-10-05 22:15:51,377 - INFO -   urllib3 버전: 2.5.0
2025-10-05 22:15:51,378 - ERROR -   ✗ 초기화 실패: module 'pytrends' has no attribute '__version__'
2025-10-05 22:15:51,380 - ERROR -   해결: pip install pytrends==4.9.2 urllib3==1.26.18
2025-10-05 22:15:51,381 - ERROR -   [ethereum] 치명적 에러: module 'pytrends' has no attribute '__version__'
2025-10-05 22:15:51,383 - WARNING -   [ethereum] 건너뛰고 다음 키워드로 진행
2025-10-05 22:15:51,384 - INFO -   다음 키워드까지 10.6초 대기...

2025-10-05 22:16:01,941 - INFO - 
===== [3/3] CRYPTO =====
2025-10-05 22:16:01,942 - INFO - 
[crypto] 수집 시작 (약 301주)
2025-10-05 22:16:01,946 - INFO -   urllib3 버전: 2.5.0
2025-10-05 22:16:01,948 - ERROR -   ✗ 초기화 실패: module 'pytrends' has no attribute '__version__'
2025-10-05 22:16:01,949 - ERROR -   해결: pip install pytrends==4.9.2 urllib3==1.26.18
2025-10-05 22:16:01,951 - ERROR -   [crypto] 치명적 에러: module 'pytrends' has no attribute '__version__'
2025-10-05 22:16:01,953 - WARNING -   [crypto] 건너뛰고 다음 키워드로 진행
2025-10-05 22:16:01,955 - ERROR - 
✗✗✗ 모든 키워드 수집 실패 ✗✗✗
2025-10-05 22:16:01,961 - ERROR - 
✗✗✗ 수집 실패 ✗✗✗
